<?xml version="1.0" encoding="UTF-8"?>
<testsuite xmlns:xsi="http://www.w3.org/2001/XMLSchema-instance" xsi:noNamespaceSchemaLocation="https://maven.apache.org/surefire/maven-surefire-plugin/xsd/surefire-test-report-3.0.xsd" version="3.0" name="com.praca.domowa.DomowaApplicationTests" time="3.258" tests="1" errors="0" skipped="0" failures="0">
  <properties>
[...]
</properties>
  <testcase name="contextLoads" classname="com.praca.domowa.DomowaApplicationTests" time="1.116">
    <system-out><![CDATA[19:58:17.646 [main] INFO org.springframework.test.context.support.AnnotationConfigContextLoaderUtils -- Could not detect default configuration classes for test class [com.praca.domowa.DomowaApplicationTests]: DomowaApplicationTests does not declare any static, non-private, non-final, nested classes annotated with @Configuration.
19:58:17.786 [main] INFO org.springframework.boot.test.context.SpringBootTestContextBootstrapper -- Found @SpringBootConfiguration com.praca.domowa.DomowaApplication for test class com.praca.domowa.DomowaApplicationTests
19:58:17.958 [main] INFO org.springframework.boot.devtools.restart.RestartApplicationListener -- Restart disabled due to context in which it is running

  .   ____          _            __ _ _
 /\\ / ___'_ __ _ _(_)_ __  __ _ \ \ \ \
( ( )\___ | '_ | '_| | '_ \/ _` | \ \ \ \
 \\/  ___)| |_)| | | | | || (_| |  ) ) ) )
  '  |____| .__|_| |_|_| |_\__, | / / / /
 =========|_|==============|___/=/_/_/_/
 :: Spring Boot ::                (v3.2.1)

2024-01-16T19:58:18.257+01:00  INFO 30052 --- [           main] c.praca.domowa.DomowaApplicationTests    : Starting DomowaApplicationTests using Java 21.0.1 with PID 30052 (started by Dell in C:\Users\Dell\Desktop\Spring\domowa\domowa)
2024-01-16T19:58:18.257+01:00  INFO 30052 --- [           main] c.praca.domowa.DomowaApplicationTests    : The following 1 profile is active: "PRO"
2024-01-16T19:58:19.538+01:00  INFO 30052 --- [           main] c.praca.domowa.DomowaApplicationTests    : Started DomowaApplicationTests in 1.595 seconds (process running for 2.805)
Name of product: Window Price: 204.98zł
Name of product: Door Price: 200.75zł
Name of product: Lamp Price: 52.4zł
Name of product: Chair Price: 68.07zł
Name of product: Bed Price: 112.53zł
Total sum without tax: 636.0zł
Total sum with tax: 782.28zł
Total sum after discount: 704.052zł
]]></system-out>
    <system-err><![CDATA[WARNING: A Java agent has been loaded dynamically (C:\Users\Dell\.m2\repository\net\bytebuddy\byte-buddy-agent\1.14.10\byte-buddy-agent-1.14.10.jar)
WARNING: If a serviceability tool is in use, please run with -XX:+EnableDynamicAgentLoading to hide this warning
WARNING: If a serviceability tool is not in use, please run with -Djdk.instrument.traceUsage for more information
WARNING: Dynamic loading of agents will be disallowed by default in a future release
]]></system-err>
  </testcase>
</testsuite>